# JRE version: OpenJDK Runtime Environment (11.0.15) (build 11.0.15+0-b2043.56-9505619)
# Java VM: OpenJDK 64-Bit Server VM (11.0.15+0-b2043.56-9505619, mixed mode, tiered, compressed oops, g1 gc, windows-amd64)
Heap:
 garbage-first heap   total 145408K, used 89575K [0x0000000080000000, 0x0000000100000000)
  region size 1024K, 49 young (50176K), 9 survivors (9216K)
 Metaspace       used 58060K, capacity 59651K, committed 59856K, reserved 1101824K
  class space    used 7306K, capacity 7921K, committed 8012K, reserved 1048576K
GC Heap History (20 events):
Event: 1.321 GC heap before
{Heap before GC invocations=0 (full 0):
 garbage-first heap   total 120832K, used 29696K [0x0000000080000000, 0x0000000100000000)
  region size 1024K, 24 young (24576K), 0 survivors (0K)
 Metaspace       used 10143K, capacity 10337K, committed 10624K, reserved 1058816K
  class space    used 1034K, capacity 1108K, committed 1152K, reserved 1048576K
}
Event: 1.329 GC heap after
{Heap after GC invocations=1 (full 0):
 garbage-first heap   total 120832K, used 9152K [0x0000000080000000, 0x0000000100000000)
  region size 1024K, 3 young (3072K), 3 survivors (3072K)
 Metaspace       used 10143K, capacity 10337K, committed 10624K, reserved 1058816K
  class space    used 1034K, capacity 1108K, committed 1152K, reserved 1048576K
}
Event: 3.629 GC heap before
{Heap before GC invocations=1 (full 0):
 garbage-first heap   total 120832K, used 78784K [0x0000000080000000, 0x0000000100000000)
  region size 1024K, 70 young (71680K), 3 survivors (3072K)
 Metaspace       used 17616K, capacity 18013K, committed 18176K, reserved 1064960K
  class space    used 2041K, capacity 2179K, committed 2304K, reserved 1048576K
}
Event: 3.635 GC heap after
{Heap after GC invocations=2 (full 0):
 garbage-first heap   total 120832K, used 16066K [0x0000000080000000, 0x0000000100000000)
  region size 1024K, 9 young (9216K), 9 survivors (9216K)
 Metaspace       used 17616K, capacity 18013K, committed 18176K, reserved 1064960K
  class space    used 2041K, capacity 2179K, committed 2304K, reserved 1048576K
}
Event: 4.023 GC heap before
{Heap before GC invocations=2 (full 0):
 garbage-first heap   total 120832K, used 45762K [0x0000000080000000, 0x0000000100000000)
  region size 1024K, 39 young (39936K), 9 survivors (9216K)
 Metaspace       used 20820K, capacity 21197K, committed 21296K, reserved 1069056K
  class space    used 2529K, capacity 2687K, committed 2688K, reserved 1048576K
}
Event: 4.033 GC heap after
{Heap after GC invocations=3 (full 0):
 garbage-first heap   total 120832K, used 17387K [0x0000000080000000, 0x0000000100000000)
  region size 1024K, 2 young (2048K), 2 survivors (2048K)
 Metaspace       used 20820K, capacity 21197K, committed 21296K, reserved 1069056K
  class space    used 2529K, capacity 2687K, committed 2688K, reserved 1048576K
}
Event: 4.666 GC heap before
{Heap before GC invocations=4 (full 0):
 garbage-first heap   total 120832K, used 65515K [0x0000000080000000, 0x0000000100000000)
  region size 1024K, 49 young (50176K), 2 survivors (2048K)
 Metaspace       used 25903K, capacity 26507K, committed 26620K, reserved 1073152K
  class space    used 3345K, capacity 3551K, committed 3660K, reserved 1048576K
}
Event: 4.668 GC heap after
{Heap after GC invocations=5 (full 0):
 garbage-first heap   total 120832K, used 19093K [0x0000000080000000, 0x0000000100000000)
  region size 1024K, 3 young (3072K), 3 survivors (3072K)
 Metaspace       used 25903K, capacity 26507K, committed 26620K, reserved 1073152K
  class space    used 3345K, capacity 3551K, committed 3660K, reserved 1048576K
}
Event: 5.303 GC heap before
{Heap before GC invocations=5 (full 0):
 garbage-first heap   total 120832K, used 72341K [0x0000000080000000, 0x0000000100000000)
  region size 1024K, 55 young (56320K), 3 survivors (3072K)
 Metaspace       used 30769K, capacity 31591K, committed 31868K, reserved 1077248K
  class space    used 4110K, capacity 4422K, committed 4556K, reserved 1048576K
}
Event: 5.306 GC heap after
{Heap after GC invocations=6 (full 0):
 garbage-first heap   total 120832K, used 20587K [0x0000000080000000, 0x0000000100000000)
  region size 1024K, 5 young (5120K), 5 survivors (5120K)
 Metaspace       used 30769K, capacity 31591K, committed 31868K, reserved 1077248K
  class space    used 4110K, capacity 4422K, committed 4556K, reserved 1048576K
}
Event: 6.060 GC heap before
{Heap before GC invocations=6 (full 0):
 garbage-first heap   total 120832K, used 40043K [0x0000000080000000, 0x0000000100000000)
  region size 1024K, 25 young (25600K), 5 survivors (5120K)
 Metaspace       used 35093K, capacity 35957K, committed 36048K, reserved 1081344K
  class space    used 4572K, capacity 4921K, committed 4940K, reserved 1048576K
}
Event: 6.073 GC heap after
{Heap after GC invocations=7 (full 0):
 garbage-first heap   total 120832K, used 22676K [0x0000000080000000, 0x0000000100000000)
  region size 1024K, 6 young (6144K), 6 survivors (6144K)
 Metaspace       used 35093K, capacity 35957K, committed 36048K, reserved 1081344K
  class space    used 4572K, capacity 4921K, committed 4940K, reserved 1048576K
}
Event: 8.755 GC heap before
{Heap before GC invocations=8 (full 0):
 garbage-first heap   total 120832K, used 80020K [0x0000000080000000, 0x0000000100000000)
  region size 1024K, 60 young (61440K), 6 survivors (6144K)
 Metaspace       used 40694K, capacity 41681K, committed 41808K, reserved 1085440K
  class space    used 5135K, capacity 5521K, committed 5580K, reserved 1048576K
}
Event: 8.766 GC heap after
{Heap after GC invocations=9 (full 0):
 garbage-first heap   total 120832K, used 28120K [0x0000000080000000, 0x0000000100000000)
  region size 1024K, 8 young (8192K), 8 survivors (8192K)
 Metaspace       used 40694K, capacity 41681K, committed 41808K, reserved 1085440K
  class space    used 5135K, capacity 5521K, committed 5580K, reserved 1048576K
}
Event: 9.860 GC heap before
{Heap before GC invocations=9 (full 0):
 garbage-first heap   total 120832K, used 82392K [0x0000000080000000, 0x0000000100000000)
  region size 1024K, 61 young (62464K), 8 survivors (8192K)
 Metaspace       used 45261K, capacity 46287K, committed 46544K, reserved 1089536K
  class space    used 5738K, capacity 6150K, committed 6220K, reserved 1048576K
}
Event: 9.886 GC heap after
{Heap after GC invocations=10 (full 0):
 garbage-first heap   total 120832K, used 31430K [0x0000000080000000, 0x0000000100000000)
  region size 1024K, 4 young (4096K), 4 survivors (4096K)
 Metaspace       used 45261K, capacity 46287K, committed 46544K, reserved 1089536K
  class space    used 5738K, capacity 6150K, committed 6220K, reserved 1048576K
}
Event: 12.667 GC heap before
{Heap before GC invocations=10 (full 0):
 garbage-first heap   total 120832K, used 85702K [0x0000000080000000, 0x0000000100000000)
  region size 1024K, 57 young (58368K), 4 survivors (4096K)
 Metaspace       used 49104K, capacity 50294K, committed 50384K, reserved 1093632K
  class space    used 6236K, capacity 6675K, committed 6732K, reserved 1048576K
}
Event: 12.676 GC heap after
{Heap after GC invocations=11 (full 0):
 garbage-first heap   total 145408K, used 32877K [0x0000000080000000, 0x0000000100000000)
  region size 1024K, 5 young (5120K), 5 survivors (5120K)
 Metaspace       used 49104K, capacity 50294K, committed 50384K, reserved 1093632K
  class space    used 6236K, capacity 6675K, committed 6732K, reserved 1048576K
}
Event: 15.301 GC heap before
{Heap before GC invocations=11 (full 0):
 garbage-first heap   total 145408K, used 106605K [0x0000000080000000, 0x0000000100000000)
  region size 1024K, 69 young (70656K), 5 survivors (5120K)
 Metaspace       used 52461K, capacity 53857K, committed 53968K, reserved 1095680K
  class space    used 6661K, capacity 7230K, committed 7244K, reserved 1048576K
}
Event: 15.317 GC heap after
{Heap after GC invocations=12 (full 0):
 garbage-first heap   total 145408K, used 49639K [0x0000000080000000, 0x0000000100000000)
  region size 1024K, 9 young (9216K), 9 survivors (9216K)
 Metaspace       used 52461K, capacity 53857K, committed 53968K, reserved 1095680K
  class space    used 6661K, capacity 7230K, committed 7244K, reserved 1048576K
}

